2025-03-21 12:45:47,464 - INFO - === Запуск эксперимента: movielens + PMF ===
2025-03-21 12:48:17,870 - INFO - Recommender: выбрано 13849 пользователей, train=1996752, test=13849
2025-03-21 12:49:12,569 - INFO - PMF Test => P@10=0.0001, R@10=0.0012, NDCG@10=0.0005
2025-03-21 12:49:22,189 - INFO - Saved recommendations => ml_pmf.csv
2025-03-21 12:49:23,745 - INFO - === Эксперимент завершён ===
2025-03-21 12:49:23,745 - INFO - === Запуск эксперимента: movielens + BPR ===
2025-03-21 12:49:58,817 - INFO - Recommender: выбрано 6924 пользователей, train=1001618, test=0
2025-03-21 13:00:30,805 - INFO - Saved recommendations => ml_bpr_full.csv
2025-03-21 13:01:43,952 - INFO - === Эксперимент завершён ===
2025-03-21 13:01:43,965 - INFO - === Запуск эксперимента: filmtrust + SoRec ===
2025-03-21 13:01:46,118 - INFO - Recommender: выбрано 1400 пользователей, train=33989, test=1400
2025-03-21 13:01:47,239 - INFO - SOREC Test => P@10=0.0147, R@10=0.1469, NDCG@10=0.0796
2025-03-21 13:01:47,438 - INFO - Saved recommendations => filmtrust_sorec.csv
2025-03-21 13:01:47,465 - INFO - === Эксперимент завершён ===
2025-03-21 13:01:47,465 - INFO - === Запуск эксперимента: filmtrust + SVD ===
2025-03-21 13:01:47,555 - INFO - Recommender: выбрано 700 пользователей, train=16703, test=700
2025-03-21 13:01:56,187 - INFO - SVD Test => P@10=0.0000, R@10=0.0000, NDCG@10=0.0000
2025-03-21 13:02:03,733 - INFO - Saved recommendations => filmtrust_svd.csv
2025-03-21 13:02:03,742 - INFO - === Эксперимент завершён ===
2025-03-21 13:02:03,742 - INFO - === Запуск эксперимента: movielens + NMF ===
2025-03-21 13:04:18,044 - INFO - Recommender: выбрано 13849 пользователей, train=1996752, test=13849
2025-03-21 13:26:00,539 - INFO - NMF Test => P@10=0.0000, R@10=0.0001, NDCG@10=0.0001
2025-03-21 13:48:59,009 - INFO - Saved recommendations => ml_nmf.csv
2025-03-21 13:51:35,322 - INFO - === Эксперимент завершён ===
